[0.117s] DEBUG:colcon:Command line arguments: ['/usr/bin/colcon', 'build']
[0.117s] DEBUG:colcon:Parsed command line arguments: Namespace(log_base=None, log_level=None, verb_name='build', build_base='build', install_base='install', merge_install=False, symlink_install=False, test_result_base=None, continue_on_error=False, executor='parallel', parallel_workers=16, event_handlers=None, ignore_user_meta=False, metas=['./colcon.meta'], base_paths=['.'], packages_ignore=None, packages_ignore_regex=None, paths=None, packages_up_to=None, packages_up_to_regex=None, packages_above=None, packages_above_and_dependencies=None, packages_above_depth=None, packages_select_by_dep=None, packages_skip_by_dep=None, packages_skip_up_to=None, packages_select_build_failed=False, packages_skip_build_finished=False, packages_select_test_failures=False, packages_skip_test_passed=False, packages_select=None, packages_skip=None, packages_select_regex=None, packages_skip_regex=None, packages_start=None, packages_end=None, allow_overriding=[], cmake_args=None, cmake_target=None, cmake_target_skip_unavailable=False, cmake_clean_cache=False, cmake_clean_first=False, cmake_force_configure=False, ament_cmake_args=None, catkin_cmake_args=None, catkin_skip_building_tests=False, verb_parser=<colcon_defaults.argument_parser.defaults.DefaultArgumentsDecorator object at 0x733754b583a0>, verb_extension=<colcon_core.verb.build.BuildVerb object at 0x733754c65810>, main=<bound method BuildVerb.main of <colcon_core.verb.build.BuildVerb object at 0x733754c65810>>)
[0.266s] Level 1:colcon.colcon_core.package_discovery:discover_packages(colcon_meta) check parameters
[0.266s] Level 1:colcon.colcon_core.package_discovery:discover_packages(recursive) check parameters
[0.266s] Level 1:colcon.colcon_core.package_discovery:discover_packages(ignore) check parameters
[0.266s] Level 1:colcon.colcon_core.package_discovery:discover_packages(path) check parameters
[0.266s] Level 1:colcon.colcon_core.package_discovery:discover_packages(colcon_meta) discover
[0.266s] Level 1:colcon.colcon_core.package_discovery:discover_packages(recursive) discover
[0.266s] INFO:colcon.colcon_core.package_discovery:Crawling recursively for packages in '/home/tharun/smoothing-rpp'
[0.266s] Level 1:colcon.colcon_core.package_identification:_identify(.) by extensions ['ignore', 'ignore_ament_install']
[0.266s] Level 1:colcon.colcon_core.package_identification:_identify(.) by extension 'ignore'
[0.266s] Level 1:colcon.colcon_core.package_identification:_identify(.) by extension 'ignore_ament_install'
[0.266s] Level 1:colcon.colcon_core.package_identification:_identify(.) by extensions ['colcon_pkg']
[0.266s] Level 1:colcon.colcon_core.package_identification:_identify(.) by extension 'colcon_pkg'
[0.266s] Level 1:colcon.colcon_core.package_identification:_identify(.) by extensions ['colcon_meta']
[0.266s] Level 1:colcon.colcon_core.package_identification:_identify(.) by extension 'colcon_meta'
[0.266s] Level 1:colcon.colcon_core.package_identification:_identify(.) by extensions ['ros']
[0.266s] Level 1:colcon.colcon_core.package_identification:_identify(.) by extension 'ros'
[0.276s] DEBUG:colcon.colcon_core.package_identification:Package '.' with type 'ros.ament_cmake' and name 'nav'
[0.276s] Level 1:colcon.colcon_core.package_discovery:discover_packages(recursive) using defaults
[0.276s] Level 1:colcon.colcon_core.package_discovery:discover_packages(ignore) discover
[0.276s] Level 1:colcon.colcon_core.package_discovery:discover_packages(ignore) using defaults
[0.276s] Level 1:colcon.colcon_core.package_discovery:discover_packages(path) discover
[0.276s] Level 1:colcon.colcon_core.package_discovery:discover_packages(path) using defaults
[0.300s] Level 1:colcon.colcon_core.package_discovery:discover_packages(prefix_path) check parameters
[0.300s] Level 1:colcon.colcon_core.package_discovery:discover_packages(prefix_path) discover
[0.302s] DEBUG:colcon.colcon_installed_package_information.package_discovery:Found 388 installed packages in /opt/ros/humble
[0.304s] Level 1:colcon.colcon_core.package_discovery:discover_packages(prefix_path) using defaults
[0.339s] Level 5:colcon.colcon_core.verb:set package 'nav' build argument 'cmake_args' from command line to 'None'
[0.339s] Level 5:colcon.colcon_core.verb:set package 'nav' build argument 'cmake_target' from command line to 'None'
[0.339s] Level 5:colcon.colcon_core.verb:set package 'nav' build argument 'cmake_target_skip_unavailable' from command line to 'False'
[0.339s] Level 5:colcon.colcon_core.verb:set package 'nav' build argument 'cmake_clean_cache' from command line to 'False'
[0.339s] Level 5:colcon.colcon_core.verb:set package 'nav' build argument 'cmake_clean_first' from command line to 'False'
[0.339s] Level 5:colcon.colcon_core.verb:set package 'nav' build argument 'cmake_force_configure' from command line to 'False'
[0.339s] Level 5:colcon.colcon_core.verb:set package 'nav' build argument 'ament_cmake_args' from command line to 'None'
[0.339s] Level 5:colcon.colcon_core.verb:set package 'nav' build argument 'catkin_cmake_args' from command line to 'None'
[0.339s] Level 5:colcon.colcon_core.verb:set package 'nav' build argument 'catkin_skip_building_tests' from command line to 'False'
[0.339s] DEBUG:colcon.colcon_core.verb:Building package 'nav' with the following arguments: {'ament_cmake_args': None, 'build_base': '/home/tharun/smoothing-rpp/build/nav', 'catkin_cmake_args': None, 'catkin_skip_building_tests': False, 'cmake_args': None, 'cmake_clean_cache': False, 'cmake_clean_first': False, 'cmake_force_configure': False, 'cmake_target': None, 'cmake_target_skip_unavailable': False, 'install_base': '/home/tharun/smoothing-rpp/install/nav', 'merge_install': False, 'path': '/home/tharun/smoothing-rpp', 'symlink_install': False, 'test_result_base': None}
[0.339s] INFO:colcon.colcon_core.executor:Executing jobs using 'parallel' executor
[0.340s] DEBUG:colcon.colcon_parallel_executor.executor.parallel:run_until_complete
[0.340s] INFO:colcon.colcon_ros.task.ament_cmake.build:Building ROS package in '/home/tharun/smoothing-rpp' with build type 'ament_cmake'
[0.341s] INFO:colcon.colcon_cmake.task.cmake.build:Building CMake package in '/home/tharun/smoothing-rpp'
[0.342s] INFO:colcon.colcon_core.plugin_system:Skipping extension 'colcon_core.shell.bat': Not used on non-Windows systems
[0.342s] INFO:colcon.colcon_core.shell:Skip shell extension 'powershell' for command environment: Not usable outside of PowerShell
[0.342s] DEBUG:colcon.colcon_core.shell:Skip shell extension 'dsv' for command environment
[0.350s] DEBUG:colcon.colcon_core.event_handler.log_command:Invoking command in '/home/tharun/smoothing-rpp/build/nav': CMAKE_PREFIX_PATH=/opt/ros/humble /usr/bin/cmake /home/tharun/smoothing-rpp -DCMAKE_INSTALL_PREFIX=/home/tharun/smoothing-rpp/install/nav
[1.551s] DEBUG:colcon.colcon_core.event_handler.log_command:Invoked command in '/home/tharun/smoothing-rpp/build/nav' returned '0': CMAKE_PREFIX_PATH=/opt/ros/humble /usr/bin/cmake /home/tharun/smoothing-rpp -DCMAKE_INSTALL_PREFIX=/home/tharun/smoothing-rpp/install/nav
[1.553s] DEBUG:colcon.colcon_core.event_handler.log_command:Invoking command in '/home/tharun/smoothing-rpp/build/nav': CMAKE_PREFIX_PATH=/opt/ros/humble /usr/bin/cmake --build /home/tharun/smoothing-rpp/build/nav -- -j16 -l16
[15.518s] DEBUG:colcon.colcon_core.event_handler.log_command:Invoked command in '/home/tharun/smoothing-rpp/build/nav' returned '0': CMAKE_PREFIX_PATH=/opt/ros/humble /usr/bin/cmake --build /home/tharun/smoothing-rpp/build/nav -- -j16 -l16
[15.529s] DEBUG:colcon.colcon_core.event_handler.log_command:Invoking command in '/home/tharun/smoothing-rpp/build/nav': CMAKE_PREFIX_PATH=/opt/ros/humble /usr/bin/cmake --install /home/tharun/smoothing-rpp/build/nav
[15.581s] Level 1:colcon.colcon_core.environment:create_environment_scripts_only(nav)
[15.582s] DEBUG:colcon.colcon_core.event_handler.log_command:Invoked command in '/home/tharun/smoothing-rpp/build/nav' returned '0': CMAKE_PREFIX_PATH=/opt/ros/humble /usr/bin/cmake --install /home/tharun/smoothing-rpp/build/nav
[15.584s] Level 1:colcon.colcon_core.environment:checking '/home/tharun/smoothing-rpp/install/nav' for CMake module files
[15.584s] Level 1:colcon.colcon_core.environment:checking '/home/tharun/smoothing-rpp/install/nav' for CMake config files
[15.584s] Level 1:colcon.colcon_core.shell:create_environment_hook('nav', 'cmake_prefix_path')
[15.584s] INFO:colcon.colcon_core.shell:Creating environment hook '/home/tharun/smoothing-rpp/install/nav/share/nav/hook/cmake_prefix_path.ps1'
[15.585s] INFO:colcon.colcon_core.shell:Creating environment descriptor '/home/tharun/smoothing-rpp/install/nav/share/nav/hook/cmake_prefix_path.dsv'
[15.585s] INFO:colcon.colcon_core.shell:Creating environment hook '/home/tharun/smoothing-rpp/install/nav/share/nav/hook/cmake_prefix_path.sh'
[15.586s] Level 1:colcon.colcon_core.environment:checking '/home/tharun/smoothing-rpp/install/nav/lib'
[15.586s] Level 1:colcon.colcon_core.environment:checking '/home/tharun/smoothing-rpp/install/nav/bin'
[15.586s] Level 1:colcon.colcon_core.environment:checking '/home/tharun/smoothing-rpp/install/nav/lib/pkgconfig/nav.pc'
[15.586s] Level 1:colcon.colcon_core.environment:checking '/home/tharun/smoothing-rpp/install/nav/lib/python3.10/site-packages'
[15.586s] Level 1:colcon.colcon_core.environment:checking '/home/tharun/smoothing-rpp/install/nav/bin'
[15.586s] INFO:colcon.colcon_core.shell:Creating package script '/home/tharun/smoothing-rpp/install/nav/share/nav/package.ps1'
[15.587s] INFO:colcon.colcon_core.shell:Creating package descriptor '/home/tharun/smoothing-rpp/install/nav/share/nav/package.dsv'
[15.587s] INFO:colcon.colcon_core.shell:Creating package script '/home/tharun/smoothing-rpp/install/nav/share/nav/package.sh'
[15.588s] INFO:colcon.colcon_core.shell:Creating package script '/home/tharun/smoothing-rpp/install/nav/share/nav/package.bash'
[15.588s] INFO:colcon.colcon_core.shell:Creating package script '/home/tharun/smoothing-rpp/install/nav/share/nav/package.zsh'
[15.589s] Level 1:colcon.colcon_core.environment:create_file_with_runtime_dependencies(/home/tharun/smoothing-rpp/install/nav/share/colcon-core/packages/nav)
[15.589s] Level 1:colcon.colcon_core.environment:create_environment_scripts_only(nav)
[15.589s] Level 1:colcon.colcon_core.environment:checking '/home/tharun/smoothing-rpp/install/nav' for CMake module files
[15.590s] Level 1:colcon.colcon_core.environment:checking '/home/tharun/smoothing-rpp/install/nav' for CMake config files
[15.590s] Level 1:colcon.colcon_core.shell:create_environment_hook('nav', 'cmake_prefix_path')
[15.590s] INFO:colcon.colcon_core.shell:Creating environment hook '/home/tharun/smoothing-rpp/install/nav/share/nav/hook/cmake_prefix_path.ps1'
[15.590s] INFO:colcon.colcon_core.shell:Creating environment descriptor '/home/tharun/smoothing-rpp/install/nav/share/nav/hook/cmake_prefix_path.dsv'
[15.591s] INFO:colcon.colcon_core.shell:Creating environment hook '/home/tharun/smoothing-rpp/install/nav/share/nav/hook/cmake_prefix_path.sh'
[15.591s] Level 1:colcon.colcon_core.environment:checking '/home/tharun/smoothing-rpp/install/nav/lib'
[15.591s] Level 1:colcon.colcon_core.environment:checking '/home/tharun/smoothing-rpp/install/nav/bin'
[15.591s] Level 1:colcon.colcon_core.environment:checking '/home/tharun/smoothing-rpp/install/nav/lib/pkgconfig/nav.pc'
[15.591s] Level 1:colcon.colcon_core.environment:checking '/home/tharun/smoothing-rpp/install/nav/lib/python3.10/site-packages'
[15.592s] Level 1:colcon.colcon_core.environment:checking '/home/tharun/smoothing-rpp/install/nav/bin'
[15.592s] INFO:colcon.colcon_core.shell:Creating package script '/home/tharun/smoothing-rpp/install/nav/share/nav/package.ps1'
[15.592s] INFO:colcon.colcon_core.shell:Creating package descriptor '/home/tharun/smoothing-rpp/install/nav/share/nav/package.dsv'
[15.592s] INFO:colcon.colcon_core.shell:Creating package script '/home/tharun/smoothing-rpp/install/nav/share/nav/package.sh'
[15.593s] INFO:colcon.colcon_core.shell:Creating package script '/home/tharun/smoothing-rpp/install/nav/share/nav/package.bash'
[15.593s] INFO:colcon.colcon_core.shell:Creating package script '/home/tharun/smoothing-rpp/install/nav/share/nav/package.zsh'
[15.593s] Level 1:colcon.colcon_core.environment:create_file_with_runtime_dependencies(/home/tharun/smoothing-rpp/install/nav/share/colcon-core/packages/nav)
[15.594s] DEBUG:colcon.colcon_parallel_executor.executor.parallel:closing loop
[15.594s] DEBUG:colcon.colcon_parallel_executor.executor.parallel:loop closed
[15.594s] DEBUG:colcon.colcon_parallel_executor.executor.parallel:run_until_complete finished with '0'
[15.594s] DEBUG:colcon.colcon_core.event_reactor:joining thread
[15.599s] INFO:colcon.colcon_core.plugin_system:Skipping extension 'colcon_notification.desktop_notification.terminal_notifier': Not used on non-Darwin systems
[15.599s] INFO:colcon.colcon_core.plugin_system:Skipping extension 'colcon_notification.desktop_notification.win32': Not used on non-Windows systems
[15.599s] INFO:colcon.colcon_notification.desktop_notification:Sending desktop notification using 'notify2'
[15.608s] DEBUG:colcon.colcon_core.event_reactor:joined thread
[15.609s] INFO:colcon.colcon_core.shell:Creating prefix script '/home/tharun/smoothing-rpp/install/local_setup.ps1'
[15.609s] INFO:colcon.colcon_core.shell:Creating prefix util module '/home/tharun/smoothing-rpp/install/_local_setup_util_ps1.py'
[15.610s] INFO:colcon.colcon_core.shell:Creating prefix chain script '/home/tharun/smoothing-rpp/install/setup.ps1'
[15.611s] INFO:colcon.colcon_core.shell:Creating prefix script '/home/tharun/smoothing-rpp/install/local_setup.sh'
[15.611s] INFO:colcon.colcon_core.shell:Creating prefix util module '/home/tharun/smoothing-rpp/install/_local_setup_util_sh.py'
[15.612s] INFO:colcon.colcon_core.shell:Creating prefix chain script '/home/tharun/smoothing-rpp/install/setup.sh'
[15.612s] INFO:colcon.colcon_core.shell:Creating prefix script '/home/tharun/smoothing-rpp/install/local_setup.bash'
[15.613s] INFO:colcon.colcon_core.shell:Creating prefix chain script '/home/tharun/smoothing-rpp/install/setup.bash'
[15.613s] INFO:colcon.colcon_core.shell:Creating prefix script '/home/tharun/smoothing-rpp/install/local_setup.zsh'
[15.614s] INFO:colcon.colcon_core.shell:Creating prefix chain script '/home/tharun/smoothing-rpp/install/setup.zsh'
