-- The C compiler identification is GNU 11.4.0
-- The CXX compiler identification is GNU 11.4.0
-- Detecting C compiler ABI info
-- Detecting C compiler ABI info - done
-- Check for working C compiler: /usr/bin/cc - skipped
-- Detecting C compile features
-- Detecting C compile features - done
-- Detecting CXX compiler ABI info
-- Detecting CXX compiler ABI info - done
-- Check for working CXX compiler: /usr/bin/c++ - skipped
-- Detecting CXX compile features
-- Detecting CXX compile features - done
-- Found PkgConfig: /usr/bin/pkg-config (found version "0.29.2") 
-- Found ament_cmake: 1.3.12 (/opt/ros/humble/share/ament_cmake/cmake)
-- Found Python3: /usr/bin/python3 (found version "3.10.12") found components: Interpreter 
-- Found rclcpp: 16.0.17 (/opt/ros/humble/share/rclcpp/cmake)
-- Found rosidl_generator_c: 3.1.8 (/opt/ros/humble/share/rosidl_generator_c/cmake)
-- Found rosidl_adapter: 3.1.8 (/opt/ros/humble/share/rosidl_adapter/cmake)
-- Found rosidl_generator_cpp: 3.1.8 (/opt/ros/humble/share/rosidl_generator_cpp/cmake)
-- Using all available rosidl_typesupport_c: rosidl_typesupport_fastrtps_c;rosidl_typesupport_introspection_c
-- Using all available rosidl_typesupport_cpp: rosidl_typesupport_fastrtps_cpp;rosidl_typesupport_introspection_cpp
-- Found rmw_implementation_cmake: 6.1.2 (/opt/ros/humble/share/rmw_implementation_cmake/cmake)
-- Found rmw_fastrtps_cpp: 6.2.9 (/opt/ros/humble/share/rmw_fastrtps_cpp/cmake)
-- Found OpenSSL: /usr/lib/x86_64-linux-gnu/libcrypto.so (found version "3.0.2")  
-- Found FastRTPS: /opt/ros/humble/include  
-- Using RMW implementation 'rmw_fastrtps_cpp' as default
-- Looking for pthread.h
-- Looking for pthread.h - found
-- Performing Test CMAKE_HAVE_LIBC_PTHREAD
-- Performing Test CMAKE_HAVE_LIBC_PTHREAD - Success
-- Found Threads: TRUE  
-- Found rclcpp_action: 16.0.17 (/opt/ros/humble/share/rclcpp_action/cmake)
-- Found rclpy: 3.3.19 (/opt/ros/humble/share/rclpy/cmake)
-- Found nav_msgs: 4.9.0 (/opt/ros/humble/share/nav_msgs/cmake)
-- Found sensor_msgs: 4.9.0 (/opt/ros/humble/share/sensor_msgs/cmake)
-- Found tf2: 0.25.18 (/opt/ros/humble/share/tf2/cmake)
-- Found tf2_ros: 0.25.18 (/opt/ros/humble/share/tf2_ros/cmake)
-- Found tf2_geometry_msgs: 0.25.18 (/opt/ros/humble/share/tf2_geometry_msgs/cmake)
-- Found eigen3_cmake_module: 0.1.1 (/opt/ros/humble/share/eigen3_cmake_module/cmake)
-- Found Eigen3: TRUE (found version "3.4.0") 
-- Ensuring Eigen3 include directory is part of orocos-kdl CMake target
-- Configuring done
-- Generating done
-- Build files have been written to: /home/tharun/smoothing-rpp/build/nav
[ 25%] [32mBuilding CXX object CMakeFiles/smoothing.dir/src/smoothing.cpp.o[0m
[ 50%] [32mBuilding CXX object CMakeFiles/pure_pursuit.dir/src/pure_pursuit.cpp.o[0m
[ 50%] Built target ament_cmake_python_copy_nav
running egg_info
creating nav.egg-info
writing nav.egg-info/PKG-INFO
writing dependency_links to nav.egg-info/dependency_links.txt
writing top-level names to nav.egg-info/top_level.txt
writing manifest file 'nav.egg-info/SOURCES.txt'
reading manifest file 'nav.egg-info/SOURCES.txt'
writing manifest file 'nav.egg-info/SOURCES.txt'
[ 50%] Built target ament_cmake_python_build_nav_egg
[ 75%] [32m[1mLinking CXX executable smoothing[0m
[ 75%] Built target smoothing
[100%] [32m[1mLinking CXX executable pure_pursuit[0m
[100%] Built target pure_pursuit
-- Install configuration: ""
-- Installing: /home/tharun/smoothing-rpp/install/nav/share/nav/environment/pythonpath.sh
-- Installing: /home/tharun/smoothing-rpp/install/nav/share/nav/environment/pythonpath.dsv
-- Installing: /home/tharun/smoothing-rpp/install/nav/local/lib/python3.10/dist-packages/nav-0.0.0-py3.10.egg-info
-- Installing: /home/tharun/smoothing-rpp/install/nav/local/lib/python3.10/dist-packages/nav-0.0.0-py3.10.egg-info/PKG-INFO
-- Installing: /home/tharun/smoothing-rpp/install/nav/local/lib/python3.10/dist-packages/nav-0.0.0-py3.10.egg-info/dependency_links.txt
-- Installing: /home/tharun/smoothing-rpp/install/nav/local/lib/python3.10/dist-packages/nav-0.0.0-py3.10.egg-info/top_level.txt
-- Installing: /home/tharun/smoothing-rpp/install/nav/local/lib/python3.10/dist-packages/nav-0.0.0-py3.10.egg-info/SOURCES.txt
-- Installing: /home/tharun/smoothing-rpp/install/nav/local/lib/python3.10/dist-packages/nav
-- Installing: /home/tharun/smoothing-rpp/install/nav/local/lib/python3.10/dist-packages/nav/__init__.py
Listing '/home/tharun/smoothing-rpp/install/nav/local/lib/python3.10/dist-packages/nav'...
Compiling '/home/tharun/smoothing-rpp/install/nav/local/lib/python3.10/dist-packages/nav/__init__.py'...
-- Installing: /home/tharun/smoothing-rpp/install/nav/share/nav/launch
-- Installing: /home/tharun/smoothing-rpp/install/nav/share/nav/launch/sim_bringup.py
-- Installing: /home/tharun/smoothing-rpp/install/nav/share/nav/launch/mpc_bringup.py
-- Installing: /home/tharun/smoothing-rpp/install/nav/share/nav/config
-- Installing: /home/tharun/smoothing-rpp/install/nav/share/nav/config/sim.rviz
-- Installing: /home/tharun/smoothing-rpp/install/nav/share/nav/waypoints
-- Installing: /home/tharun/smoothing-rpp/install/nav/share/nav/waypoints/waypoint.csv
-- Installing: /home/tharun/smoothing-rpp/install/nav/share/nav/nav
-- Installing: /home/tharun/smoothing-rpp/install/nav/share/nav/nav/__init__.py
-- Installing: /home/tharun/smoothing-rpp/install/nav/share/nav/src
-- Installing: /home/tharun/smoothing-rpp/install/nav/share/nav/src/pure_pursuit.cpp
-- Installing: /home/tharun/smoothing-rpp/install/nav/share/nav/src/smoothing.cpp
-- Installing: /home/tharun/smoothing-rpp/install/nav/share/nav/scripts
-- Installing: /home/tharun/smoothing-rpp/install/nav/share/nav/scripts/mpc_tracker.py
-- Installing: /home/tharun/smoothing-rpp/install/nav/share/nav/scripts/spawn_static_obstacle.py
-- Installing: /home/tharun/smoothing-rpp/install/nav/share/nav/scripts/spawn_dynamic_obstacle.py
-- Installing: /home/tharun/smoothing-rpp/install/nav/lib/nav/pure_pursuit
-- Set runtime path of "/home/tharun/smoothing-rpp/install/nav/lib/nav/pure_pursuit" to ""
-- Installing: /home/tharun/smoothing-rpp/install/nav/lib/nav/smoothing
-- Set runtime path of "/home/tharun/smoothing-rpp/install/nav/lib/nav/smoothing" to ""
-- Installing: /home/tharun/smoothing-rpp/install/nav/lib/nav/mpc_tracker
-- Installing: /home/tharun/smoothing-rpp/install/nav/lib/nav/spawn_static_obstacle
-- Installing: /home/tharun/smoothing-rpp/install/nav/lib/nav/spawn_dynamic_obstacle
-- Installing: /home/tharun/smoothing-rpp/install/nav/share/ament_index/resource_index/package_run_dependencies/nav
-- Installing: /home/tharun/smoothing-rpp/install/nav/share/ament_index/resource_index/parent_prefix_path/nav
-- Installing: /home/tharun/smoothing-rpp/install/nav/share/nav/environment/ament_prefix_path.sh
-- Installing: /home/tharun/smoothing-rpp/install/nav/share/nav/environment/ament_prefix_path.dsv
-- Installing: /home/tharun/smoothing-rpp/install/nav/share/nav/environment/path.sh
-- Installing: /home/tharun/smoothing-rpp/install/nav/share/nav/environment/path.dsv
-- Installing: /home/tharun/smoothing-rpp/install/nav/share/nav/local_setup.bash
-- Installing: /home/tharun/smoothing-rpp/install/nav/share/nav/local_setup.sh
-- Installing: /home/tharun/smoothing-rpp/install/nav/share/nav/local_setup.zsh
-- Installing: /home/tharun/smoothing-rpp/install/nav/share/nav/local_setup.dsv
-- Installing: /home/tharun/smoothing-rpp/install/nav/share/nav/package.dsv
-- Installing: /home/tharun/smoothing-rpp/install/nav/share/ament_index/resource_index/packages/nav
-- Installing: /home/tharun/smoothing-rpp/install/nav/share/nav/cmake/navConfig.cmake
-- Installing: /home/tharun/smoothing-rpp/install/nav/share/nav/cmake/navConfig-version.cmake
-- Installing: /home/tharun/smoothing-rpp/install/nav/share/nav/package.xml
