[0.009s] Invoking command in '/home/tharun/smoothing-rpp/build/nav': CMAKE_PREFIX_PATH=/opt/ros/humble /usr/bin/cmake /home/tharun/smoothing-rpp -DCMAKE_INSTALL_PREFIX=/home/tharun/smoothing-rpp/install/nav
[0.061s] -- The C compiler identification is GNU 11.4.0
[0.110s] -- The CXX compiler identification is GNU 11.4.0
[0.117s] -- Detecting C compiler ABI info
[0.188s] -- Detecting C compiler ABI info - done
[0.193s] -- Check for working C compiler: /usr/bin/cc - skipped
[0.193s] -- Detecting C compile features
[0.193s] -- Detecting C compile features - done
[0.195s] -- Detecting CXX compiler ABI info
[0.273s] -- Detecting CXX compiler ABI info - done
[0.278s] -- Check for working CXX compiler: /usr/bin/c++ - skipped
[0.278s] -- Detecting CXX compile features
[0.279s] -- Detecting CXX compile features - done
[0.284s] -- Found PkgConfig: /usr/bin/pkg-config (found version "0.29.2") 
[0.286s] -- Found ament_cmake: 1.3.12 (/opt/ros/humble/share/ament_cmake/cmake)
[0.407s] -- Found Python3: /usr/bin/python3 (found version "3.10.12") found components: Interpreter 
[0.478s] -- Found rclcpp: 16.0.17 (/opt/ros/humble/share/rclcpp/cmake)
[0.513s] -- Found rosidl_generator_c: 3.1.8 (/opt/ros/humble/share/rosidl_generator_c/cmake)
[0.517s] -- Found rosidl_adapter: 3.1.8 (/opt/ros/humble/share/rosidl_adapter/cmake)
[0.524s] -- Found rosidl_generator_cpp: 3.1.8 (/opt/ros/humble/share/rosidl_generator_cpp/cmake)
[0.533s] -- Using all available rosidl_typesupport_c: rosidl_typesupport_fastrtps_c;rosidl_typesupport_introspection_c
[0.546s] -- Using all available rosidl_typesupport_cpp: rosidl_typesupport_fastrtps_cpp;rosidl_typesupport_introspection_cpp
[0.580s] -- Found rmw_implementation_cmake: 6.1.2 (/opt/ros/humble/share/rmw_implementation_cmake/cmake)
[0.582s] -- Found rmw_fastrtps_cpp: 6.2.9 (/opt/ros/humble/share/rmw_fastrtps_cpp/cmake)
[0.677s] -- Found OpenSSL: /usr/lib/x86_64-linux-gnu/libcrypto.so (found version "3.0.2")  
[0.701s] -- Found FastRTPS: /opt/ros/humble/include  
[0.743s] -- Using RMW implementation 'rmw_fastrtps_cpp' as default
[0.750s] -- Looking for pthread.h
[0.828s] -- Looking for pthread.h - found
[0.828s] -- Performing Test CMAKE_HAVE_LIBC_PTHREAD
[0.902s] -- Performing Test CMAKE_HAVE_LIBC_PTHREAD - Success
[0.903s] -- Found Threads: TRUE  
[0.941s] -- Found rclcpp_action: 16.0.17 (/opt/ros/humble/share/rclcpp_action/cmake)
[0.967s] -- Found rclpy: 3.3.19 (/opt/ros/humble/share/rclpy/cmake)
[0.968s] -- Found nav_msgs: 4.9.0 (/opt/ros/humble/share/nav_msgs/cmake)
[0.991s] -- Found sensor_msgs: 4.9.0 (/opt/ros/humble/share/sensor_msgs/cmake)
[1.004s] -- Found tf2: 0.25.18 (/opt/ros/humble/share/tf2/cmake)
[1.014s] -- Found tf2_ros: 0.25.18 (/opt/ros/humble/share/tf2_ros/cmake)
[1.054s] -- Found tf2_geometry_msgs: 0.25.18 (/opt/ros/humble/share/tf2_geometry_msgs/cmake)
[1.066s] -- Found eigen3_cmake_module: 0.1.1 (/opt/ros/humble/share/eigen3_cmake_module/cmake)
[1.067s] -- Found Eigen3: TRUE (found version "3.4.0") 
[1.067s] -- Ensuring Eigen3 include directory is part of orocos-kdl CMake target
[1.181s] -- Configuring done
[1.195s] -- Generating done
[1.200s] -- Build files have been written to: /home/tharun/smoothing-rpp/build/nav
[1.210s] Invoked command in '/home/tharun/smoothing-rpp/build/nav' returned '0': CMAKE_PREFIX_PATH=/opt/ros/humble /usr/bin/cmake /home/tharun/smoothing-rpp -DCMAKE_INSTALL_PREFIX=/home/tharun/smoothing-rpp/install/nav
[1.212s] Invoking command in '/home/tharun/smoothing-rpp/build/nav': CMAKE_PREFIX_PATH=/opt/ros/humble /usr/bin/cmake --build /home/tharun/smoothing-rpp/build/nav -- -j16 -l16
[1.267s] [ 25%] [32mBuilding CXX object CMakeFiles/smoothing.dir/src/smoothing.cpp.o[0m
[1.267s] [ 50%] [32mBuilding CXX object CMakeFiles/pure_pursuit.dir/src/pure_pursuit.cpp.o[0m
[1.275s] [ 50%] Built target ament_cmake_python_copy_nav
[1.470s] running egg_info
[1.470s] creating nav.egg-info
[1.470s] writing nav.egg-info/PKG-INFO
[1.470s] writing dependency_links to nav.egg-info/dependency_links.txt
[1.470s] writing top-level names to nav.egg-info/top_level.txt
[1.470s] writing manifest file 'nav.egg-info/SOURCES.txt'
[1.472s] reading manifest file 'nav.egg-info/SOURCES.txt'
[1.472s] writing manifest file 'nav.egg-info/SOURCES.txt'
[1.496s] [ 50%] Built target ament_cmake_python_build_nav_egg
[4.673s] [ 75%] [32m[1mLinking CXX executable smoothing[0m
[4.857s] [ 75%] Built target smoothing
[14.501s] [100%] [32m[1mLinking CXX executable pure_pursuit[0m
[15.165s] [100%] Built target pure_pursuit
[15.177s] Invoked command in '/home/tharun/smoothing-rpp/build/nav' returned '0': CMAKE_PREFIX_PATH=/opt/ros/humble /usr/bin/cmake --build /home/tharun/smoothing-rpp/build/nav -- -j16 -l16
[15.188s] Invoking command in '/home/tharun/smoothing-rpp/build/nav': CMAKE_PREFIX_PATH=/opt/ros/humble /usr/bin/cmake --install /home/tharun/smoothing-rpp/build/nav
[15.194s] -- Install configuration: ""
[15.194s] -- Installing: /home/tharun/smoothing-rpp/install/nav/share/nav/environment/pythonpath.sh
[15.194s] -- Installing: /home/tharun/smoothing-rpp/install/nav/share/nav/environment/pythonpath.dsv
[15.194s] -- Installing: /home/tharun/smoothing-rpp/install/nav/local/lib/python3.10/dist-packages/nav-0.0.0-py3.10.egg-info
[15.195s] -- Installing: /home/tharun/smoothing-rpp/install/nav/local/lib/python3.10/dist-packages/nav-0.0.0-py3.10.egg-info/PKG-INFO
[15.195s] -- Installing: /home/tharun/smoothing-rpp/install/nav/local/lib/python3.10/dist-packages/nav-0.0.0-py3.10.egg-info/dependency_links.txt
[15.195s] -- Installing: /home/tharun/smoothing-rpp/install/nav/local/lib/python3.10/dist-packages/nav-0.0.0-py3.10.egg-info/top_level.txt
[15.195s] -- Installing: /home/tharun/smoothing-rpp/install/nav/local/lib/python3.10/dist-packages/nav-0.0.0-py3.10.egg-info/SOURCES.txt
[15.195s] -- Installing: /home/tharun/smoothing-rpp/install/nav/local/lib/python3.10/dist-packages/nav
[15.195s] -- Installing: /home/tharun/smoothing-rpp/install/nav/local/lib/python3.10/dist-packages/nav/__init__.py
[15.220s] Listing '/home/tharun/smoothing-rpp/install/nav/local/lib/python3.10/dist-packages/nav'...
[15.220s] Compiling '/home/tharun/smoothing-rpp/install/nav/local/lib/python3.10/dist-packages/nav/__init__.py'...
[15.224s] -- Installing: /home/tharun/smoothing-rpp/install/nav/share/nav/launch
[15.224s] -- Installing: /home/tharun/smoothing-rpp/install/nav/share/nav/launch/sim_bringup.py
[15.224s] -- Installing: /home/tharun/smoothing-rpp/install/nav/share/nav/launch/mpc_bringup.py
[15.224s] -- Installing: /home/tharun/smoothing-rpp/install/nav/share/nav/config
[15.224s] -- Installing: /home/tharun/smoothing-rpp/install/nav/share/nav/config/sim.rviz
[15.224s] -- Installing: /home/tharun/smoothing-rpp/install/nav/share/nav/waypoints
[15.224s] -- Installing: /home/tharun/smoothing-rpp/install/nav/share/nav/waypoints/waypoint.csv
[15.225s] -- Installing: /home/tharun/smoothing-rpp/install/nav/share/nav/nav
[15.225s] -- Installing: /home/tharun/smoothing-rpp/install/nav/share/nav/nav/__init__.py
[15.225s] -- Installing: /home/tharun/smoothing-rpp/install/nav/share/nav/src
[15.225s] -- Installing: /home/tharun/smoothing-rpp/install/nav/share/nav/src/pure_pursuit.cpp
[15.225s] -- Installing: /home/tharun/smoothing-rpp/install/nav/share/nav/src/smoothing.cpp
[15.225s] -- Installing: /home/tharun/smoothing-rpp/install/nav/share/nav/scripts
[15.225s] -- Installing: /home/tharun/smoothing-rpp/install/nav/share/nav/scripts/mpc_tracker.py
[15.225s] -- Installing: /home/tharun/smoothing-rpp/install/nav/share/nav/scripts/spawn_static_obstacle.py
[15.225s] -- Installing: /home/tharun/smoothing-rpp/install/nav/share/nav/scripts/spawn_dynamic_obstacle.py
[15.225s] -- Installing: /home/tharun/smoothing-rpp/install/nav/lib/nav/pure_pursuit
[15.234s] -- Set runtime path of "/home/tharun/smoothing-rpp/install/nav/lib/nav/pure_pursuit" to ""
[15.234s] -- Installing: /home/tharun/smoothing-rpp/install/nav/lib/nav/smoothing
[15.236s] -- Set runtime path of "/home/tharun/smoothing-rpp/install/nav/lib/nav/smoothing" to ""
[15.236s] -- Installing: /home/tharun/smoothing-rpp/install/nav/lib/nav/mpc_tracker
[15.236s] -- Installing: /home/tharun/smoothing-rpp/install/nav/lib/nav/spawn_static_obstacle
[15.236s] -- Installing: /home/tharun/smoothing-rpp/install/nav/lib/nav/spawn_dynamic_obstacle
[15.236s] -- Installing: /home/tharun/smoothing-rpp/install/nav/share/ament_index/resource_index/package_run_dependencies/nav
[15.236s] -- Installing: /home/tharun/smoothing-rpp/install/nav/share/ament_index/resource_index/parent_prefix_path/nav
[15.237s] -- Installing: /home/tharun/smoothing-rpp/install/nav/share/nav/environment/ament_prefix_path.sh
[15.237s] -- Installing: /home/tharun/smoothing-rpp/install/nav/share/nav/environment/ament_prefix_path.dsv
[15.237s] -- Installing: /home/tharun/smoothing-rpp/install/nav/share/nav/environment/path.sh
[15.237s] -- Installing: /home/tharun/smoothing-rpp/install/nav/share/nav/environment/path.dsv
[15.237s] -- Installing: /home/tharun/smoothing-rpp/install/nav/share/nav/local_setup.bash
[15.237s] -- Installing: /home/tharun/smoothing-rpp/install/nav/share/nav/local_setup.sh
[15.237s] -- Installing: /home/tharun/smoothing-rpp/install/nav/share/nav/local_setup.zsh
[15.238s] -- Installing: /home/tharun/smoothing-rpp/install/nav/share/nav/local_setup.dsv
[15.238s] -- Installing: /home/tharun/smoothing-rpp/install/nav/share/nav/package.dsv
[15.238s] -- Installing: /home/tharun/smoothing-rpp/install/nav/share/ament_index/resource_index/packages/nav
[15.238s] -- Installing: /home/tharun/smoothing-rpp/install/nav/share/nav/cmake/navConfig.cmake
[15.238s] -- Installing: /home/tharun/smoothing-rpp/install/nav/share/nav/cmake/navConfig-version.cmake
[15.238s] -- Installing: /home/tharun/smoothing-rpp/install/nav/share/nav/package.xml
[15.241s] Invoked command in '/home/tharun/smoothing-rpp/build/nav' returned '0': CMAKE_PREFIX_PATH=/opt/ros/humble /usr/bin/cmake --install /home/tharun/smoothing-rpp/build/nav
